1500.000000
1500.000000
1500.000000
1500.000000
1500.000000
1500.000000
1500.000000
1500.000000
1500.000000
1500.000000
1500.000000
1500.000000
1500.000000
1500.000000
1500.000000
1500.000000
1500.000000
1500.000000
1500.000000
1500.000000
1500.000000
1500.000000
1500.000000
1500.000000
1500.000000
1500.000000
1500.000000
1500.000000
1500.000000
1500.000000
1450.833634
1454.386852
1456.051712
1457.147104
1457.971669
1458.580367
1458.977033
1459.135513
1458.977033
1458.580367
1457.971669
1457.147104
1456.051712
1454.386852
1450.833634
1442.425638
1439.865174
1439.331005
1439.233365
1439.216357
1439.213445
1439.212951
1439.212881
1439.212951
1439.213445
1439.216357
1439.233365
1439.331005
1439.865174
1442.425638
1402.329767
1409.378110
1412.680887
1414.856167
1416.494290
1417.703705
1418.491946
1418.807140
1418.491946
1417.703705
1416.494290
1414.856167
1412.680887
1409.378110
1402.329767
1385.582028
1380.509539
1379.454403
1379.261790
1379.228256
1379.222515
1379.221543
1379.221405
1379.221543
1379.222515
1379.228256
1379.261790
1379.454403
1380.509539
1385.582028
1354.489476
1364.965130
1369.874700
1373.113669
1375.554426
1377.356767
1378.531722
1379.002204
1378.531722
1377.356767
1375.554426
1373.113669
1369.874700
1364.965130
1354.489476
1329.428403
1321.905485
1320.348117
1320.064436
1320.015089
1320.006644
1320.005214
1320.005011
1320.005214
1320.006644
1320.015089
1320.064436
1320.348117
1321.905485
1329.428403
1307.313489
1321.139286
1327.620706
1331.906561
1335.139122
1337.526786
1339.083807
1339.708474
1339.083807
1337.526786
1335.139122
1331.906561
1327.620706
1321.139286
1307.313489
1273.925975
1264.026806
1261.991014
1261.621281
1261.557041
1261.546052
1261.544191
1261.543927
1261.544191
1261.546052
1261.557041
1261.621281
1261.991014
1264.026806
1273.925975
1260.802396
1277.891963
1285.906818
1291.222244
1295.235882
1298.201445
1300.136090
1300.914145
1300.136090
1298.201445
1295.235882
1291.222244
1285.906818
1277.891963
1260.802396
1219.037633
1206.848643
1204.362863
1203.913082
1203.835047
1203.821706
1203.819447
1203.819126
1203.819447
1203.821706
1203.835047
1203.913082
1204.362863
1206.848643
1219.037633
1214.956821
1235.214546
1244.721279
1251.048541
1255.832648
1259.368861
1261.676875
1262.607820
1261.676875
1259.368861
1255.832648
1251.048541
1244.721279
1235.214546
1214.956821
1164.727677
1150.347430
1147.444299
1146.921335
1146.830761
1146.815285
1146.812665
1146.812294
1146.812665
1146.815285
1146.830761
1146.921335
1147.444299
1150.347430
1164.727677
1169.777579
1193.098411
1204.052644
1211.373682
1216.917776
1221.017562
1223.694871
1224.778495
1223.694871
1221.017562
1216.917776
1211.373682
1204.052644
1193.098411
1169.777579
1110.961578
1094.500848
1091.216791
1090.628245
1090.526515
1090.509145
1090.506205
1090.505788
1090.506205
1090.509145
1090.526515
1090.628245
1091.216791
1094.500848
1110.961578
1125.265807
1151.534917
1163.889760
1172.186280
1178.480021
1183.136467
1186.179164
1187.415541
1186.179164
1183.136467
1178.480021
1172.186280
1163.889760
1151.534917
1125.265807
1057.705768
1039.287773
1035.662606
1035.016688
1034.905289
1034.886284
1034.883067
1034.882612
1034.883067
1034.886284
1034.905289
1035.016688
1035.662606
1039.287773
1057.705768
1081.423084
1110.515390
1124.221746
1133.475316
1140.508517
1145.714871
1149.119206
1150.508688
1149.119206
1145.714871
1140.508517
1133.475316
1124.221746
1110.515390
1081.423084
1004.927451
984.688241
980.764773
980.070185
979.950682
979.930311
979.926865
979.926376
979.926865
979.930311
979.950682
980.070185
980.764773
984.688241
1004.927451
1038.251531
1070.031118
1085.037983
1095.230118
1102.992759
1108.742426
1112.504795
1114.048014
1112.504795
1108.742426
1102.992759
1095.230118
1085.037983
1070.031118
1038.251531
952.594429
930.683407
926.507055
925.772867
925.646878
925.625421
925.621792
925.621278
925.621792
925.625421
925.646878
925.772867
926.507055
930.683407
952.594429
995.753912
1030.073329
1046.328096
1057.440350
1065.922588
1072.209126
1076.326061
1078.023927
1076.326061
1072.209126
1065.922588
1057.440350
1046.328096
1030.073329
995.753912
900.674946
877.255512
872.873913
872.109447
871.978624
871.956364
871.952601
871.952068
871.952601
871.956364
871.978624
872.109447
872.873913
877.255512
900.674946
953.933718
990.633182
1008.081945
1020.095996
1029.288175
1036.105291
1040.573450
1042.427157
1040.573450
1036.105291
1029.288175
1020.095996
1008.081945
990.633182
953.933718
849.137541
824.387856
819.850479
819.065197
818.931198
818.908421
818.904571
818.904026
818.904571
818.908421
818.931198
819.065197
819.850479
824.387856
849.137541
912.795245
951.701748
970.289613
983.187344
993.080008
1000.421553
1005.237711
1007.248736
1005.237711
1000.421553
993.080008
983.187344
970.289613
951.701748
912.795245
797.950917
772.064771
767.422523
766.625917
766.490390
766.467377
766.463488
766.462937
766.463488
766.467377
766.490390
766.625917
767.422523
772.064771
797.950917
872.343671
913.269989
932.941395
946.704978
957.288878
965.148844
970.309880
972.479995
970.309880
965.148844
957.288878
946.704978
932.941395
913.269989
872.343671
747.083812
720.271601
715.576424
714.777912
714.642476
714.619501
714.615620
714.615071
714.615620
714.619501
714.642476
714.777912
715.576424
720.271601
747.083812
832.585127
875.328743
896.027794
910.639761
921.905867
930.278384
935.781272
938.112546
935.781272
930.278384
921.905867
910.639761
896.027794
875.328743
832.585127
696.504879
668.994688
664.299145
663.507972
663.374196
663.351525
663.347697
663.347155
663.347697
663.351525
663.374196
663.507972
664.299145
668.994688
696.504879
793.526764
837.868698
859.539510
874.982830
886.922332
895.801663
901.643466
904.138274
901.643466
895.801663
886.922332
874.982830
859.539510
837.868698
793.526764
646.182577
618.221352
613.578200
612.803343
612.672732
612.650620
612.646887
612.646359
612.646887
612.650620
612.672732
612.803343
613.578200
618.221352
646.182577
755.176821
800.880367
823.467436
839.725580
852.329900
861.710439
867.888292
870.549329
867.888292
861.710439
852.329900
839.725580
823.467436
800.880367
755.176821
596.085062
567.939890
563.401633
562.651711
562.525693
562.504379
562.500782
562.500273
562.500782
562.504379
562.525693
562.651711
563.401633
567.939890
596.085062
717.544685
764.354068
787.802651
804.859658
818.120453
827.996719
834.507825
837.338111
834.507825
827.996719
818.120453
804.859658
787.802651
764.354068
717.544685
546.180078
518.139566
513.757987
513.041180
512.921092
512.900799
512.897376
512.896891
512.897376
512.900799
512.921092
513.041180
513.757987
518.139566
546.180078
680.640964
728.279891
752.536419
770.376954
784.286119
794.652754
801.494369
804.497266
801.494369
794.652754
784.286119
770.376954
752.536419
728.279891
680.640964
496.434860
468.810608
464.636280
463.960251
463.847328
463.828263
463.825048
463.824592
463.825048
463.828263
463.847328
463.960251
464.636280
468.810608
496.434860
644.477541
692.647674
717.660184
736.269590
750.819263
761.671027
768.840452
772.019676
768.840452
761.671027
750.819263
736.269590
717.660184
692.647674
644.477541
446.816033
419.944212
416.025981
415.397807
415.293173
415.275522
415.272546
415.272125
415.272546
415.275522
415.293173
415.397807
416.025981
419.944212
446.816033
609.067647
657.446966
683.165567
702.529914
717.712474
729.044244
736.538814
739.898449
736.538814
729.044244
717.712474
702.529914
683.165567
657.446966
609.067647
397.289512
371.532546
367.916982
367.343092
367.247754
367.231683
367.228974
367.228591
367.228974
367.231683
367.247754
367.343092
367.916982
371.532546
397.289512
574.425921
622.667002
649.044366
669.150494
684.958564
696.765327
704.582400
708.126913
704.582400
696.765327
684.958564
669.150494
649.044366
622.667002
574.425921
347.820409
323.568760
320.299578
319.785695
319.700536
319.686192
319.683774
319.683432
319.683774
319.686192
319.700536
319.785695
320.299578
323.568760
347.820409
540.568481
588.296662
615.288555
636.124107
652.550552
664.827402
672.964347
676.698610
672.964347
664.827402
652.550552
636.124107
615.288555
588.296662
540.568481
298.372933
276.046993
273.164438
272.715538
272.641313
272.628818
272.626713
272.626415
272.626713
272.628818
272.641313
272.715538
273.164438
276.046993
298.372933
507.512987
554.324437
581.890287
603.443735
620.481659
633.223798
641.677982
645.607283
641.677982
633.223798
620.481659
603.443735
581.890287
554.324437
507.512987
248.910297
228.962391
226.502583
226.122853
226.060189
226.049646
226.047869
226.047618
226.047869
226.049646
226.060189
226.122853
226.502583
228.962391
248.910297
475.278717
520.738391
548.841889
571.102558
588.745303
601.948030
610.716809
614.846880
610.716809
601.948030
588.745303
571.102558
548.841889
520.738391
475.278717
199.394618
182.311127
180.305365
179.998177
179.947567
179.939056
179.937622
179.937420
179.937622
179.939056
179.947567
179.998177
180.305365
182.311127
199.394618
443.886632
487.526119
516.135873
539.093949
557.335088
570.993802
580.074505
584.411535
580.074505
570.993802
557.335088
539.093949
516.135873
487.526119
443.886632
149.786819
136.090418
134.564436
134.332329
134.294140
134.287720
134.286638
134.286485
134.286638
134.287720
134.294140
134.332329
134.564436
136.090418
149.786819
413.359456
454.674709
483.764933
507.411464
526.244798
540.354994
549.744912
554.295575
549.744912
540.354994
526.244798
507.411464
483.764933
454.674709
413.359456
100.046536
90.298549
89.271732
89.116404
89.090873
89.086581
89.085859
89.085756
89.085859
89.086581
89.090873
89.116404
89.271732
90.298549
100.046536
383.721753
422.170692
451.721950
476.048843
495.468393
510.025654
519.722027
524.493503
519.722027
510.025654
495.468393
476.048843
451.721950
422.170692
383.721753
50.132012
44.934906
44.419446
44.341760
44.328998
44.326853
44.326492
44.326441
44.326492
44.326853
44.328998
44.341760
44.419446
44.934906
50.132012
355.000000
390.000000
420.000000
445.000000
465.000000
480.000000
490.000000
495.000000
490.000000
480.000000
465.000000
445.000000
420.000000
390.000000
355.000000
0.000000
0.000000
0.000000
0.000000
0.000000
0.000000
0.000000
0.000000
0.000000
0.000000
0.000000
0.000000
0.000000
0.000000
0.000000
