1500.000000
1500.000000
1500.000000
1500.000000
1500.000000
1500.000000
1500.000000
1500.000000
1500.000000
1500.000000
1500.000000
1500.000000
1500.000000
1500.000000
1500.000000
1500.000000
1500.000000
1500.000000
1500.000000
1500.000000
1500.000000
1500.000000
1500.000000
1500.000000
1500.000000
1500.000000
1500.000000
1500.000000
1500.000000
1500.000000
1222.941000
1242.633488
1251.970956
1258.156895
1262.814349
1266.250735
1268.490405
1269.391405
1268.490405
1266.250735
1262.814349
1258.156895
1251.970956
1242.633488
1222.941000
1174.606342
1160.574650
1157.622692
1157.065429
1156.964378
1156.946332
1156.943144
1156.942676
1156.943144
1156.946332
1156.964378
1157.065429
1157.622692
1160.574650
1174.606342
969.003373
1004.854717
1022.024835
1033.766079
1042.712556
1049.337039
1053.672914
1055.464447
1053.672914
1049.337039
1042.712556
1033.766079
1022.024835
1004.854717
969.003373
868.465223
844.105254
839.422372
838.573121
838.421646
838.394769
838.390032
838.389338
838.390032
838.394769
838.421646
838.573121
839.422372
844.105254
868.465223
738.549065
784.820669
807.958516
824.617820
837.519483
847.116140
853.434385
856.162327
853.434385
847.116140
837.519483
824.617820
807.958516
784.820669
738.549065
575.015047
546.740113
542.046979
541.242934
541.102472
541.077733
541.073385
541.072748
541.073385
541.077733
541.102472
541.242934
542.046979
546.740113
575.015047
532.940582
580.598852
607.848267
628.875952
645.445294
657.825996
666.030487
669.802446
666.030487
657.825996
645.445294
628.875952
607.848267
580.598852
532.940582
287.860440
265.860291
262.911218
262.436790
262.355440
262.341196
262.338697
262.338332
262.338697
262.341196
262.355440
262.436790
262.911218
265.860291
287.860440
355.000000
390.000000
420.000000
445.000000
465.000000
480.000000
490.000000
495.000000
490.000000
480.000000
465.000000
445.000000
420.000000
390.000000
355.000000
0.000000
0.000000
0.000000
0.000000
0.000000
0.000000
0.000000
0.000000
0.000000
0.000000
0.000000
0.000000
0.000000
0.000000
0.000000
