1500.000000
1500.000000
1500.000000
1500.000000
1500.000000
1500.000000
1500.000000
1500.000000
1500.000000
1500.000000
1500.000000
1500.000000
1500.000000
1500.000000
1500.000000
1500.000000
1500.000000
1500.000000
1500.000000
1500.000000
1500.000000
1500.000000
1500.000000
1500.000000
1500.000000
1500.000000
1500.000000
1500.000000
1500.000000
1500.000000
848.443715
889.728048
910.587933
925.111754
936.174579
944.351938
949.704178
951.963561
949.704178
944.351938
936.174579
925.111754
910.587933
889.728048
848.443715
717.754005
691.061547
685.609799
684.496319
684.268902
684.222469
684.213063
684.211521
684.213063
684.222469
684.268902
684.496319
685.609799
691.061547
717.754005
355.000000
390.000000
420.000000
445.000000
465.000000
480.000000
490.000000
495.000000
490.000000
480.000000
465.000000
445.000000
420.000000
390.000000
355.000000
0.000000
0.000000
0.000000
0.000000
0.000000
0.000000
0.000000
0.000000
0.000000
0.000000
0.000000
0.000000
0.000000
0.000000
0.000000
