1500.000000
1500.000000
1500.000000
1500.000000
1500.000000
1500.000000
1500.000000
1500.000000
1500.000000
1500.000000
1500.000000
1500.000000
1500.000000
1500.000000
1500.000000
1500.000000
1500.000000
1500.000000
1500.000000
1500.000000
1500.000000
1500.000000
1500.000000
1500.000000
1500.000000
1500.000000
1500.000000
1500.000000
1500.000000
1500.000000
1475.764479
1477.516007
1478.336265
1478.876055
1479.282472
1479.582519
1479.778061
1479.856196
1479.778061
1479.582519
1479.282472
1478.876055
1478.336265
1477.516007
1475.764479
1471.618002
1470.356044
1470.093276
1470.045363
1470.037038
1470.035616
1470.035376
1470.035342
1470.035376
1470.035616
1470.037038
1470.045363
1470.093276
1470.356044
1471.618002
1451.688213
1455.178525
1456.813107
1457.889051
1458.699226
1459.297375
1459.687206
1459.843007
1459.687206
1459.297375
1458.699226
1457.889051
1456.813107
1455.178525
1451.688213
1443.417068
1440.903126
1440.380044
1440.284694
1440.268130
1440.265301
1440.264823
1440.264756
1440.264823
1440.265301
1440.268130
1440.284694
1440.380044
1440.903126
1443.417068
1427.771392
1432.986538
1435.428978
1437.037349
1438.248634
1439.142963
1439.725857
1439.958897
1439.725857
1439.142963
1438.248634
1437.037349
1435.428978
1432.986538
1427.771392
1415.392171
1411.637860
1410.857612
1410.715461
1410.690772
1410.686556
1410.685844
1410.685743
1410.685844
1410.686556
1410.690772
1410.715461
1410.857612
1411.637860
1415.392171
1404.014168
1410.939027
1414.182353
1416.319340
1417.929096
1419.117705
1419.892463
1420.202357
1419.892463
1419.117705
1417.929096
1416.319340
1414.182353
1410.939027
1404.014168
1387.538424
1382.556939
1381.523348
1381.335181
1381.302509
1381.296930
1381.295988
1381.295854
1381.295988
1381.296930
1381.302509
1381.335181
1381.523348
1382.556939
1387.538424
1380.416668
1389.034977
1393.071732
1395.733443
1397.739040
1399.220054
1400.185504
1400.571906
1400.185504
1399.220054
1397.739040
1395.733443
1393.071732
1389.034977
1380.416668
1359.851061
1353.657144
1352.374674
1352.141417
1352.100931
1352.094019
1352.092852
1352.092686
1352.092852
1352.094019
1352.100931
1352.141417
1352.374674
1353.657144
1359.851061
1356.978998
1367.273373
1372.095634
1375.278104
1377.676923
1379.448487
1380.603483
1381.066087
1380.603483
1379.448487
1377.676923
1375.278104
1372.095634
1367.273373
1356.978998
1332.325434
1324.935334
1323.409066
1323.131782
1323.083676
1323.075465
1323.074078
1323.073882
1323.074078
1323.075465
1323.083676
1323.131782
1323.409066
1324.935334
1332.325434
1333.701248
1345.653201
1351.252601
1354.951794
1357.741229
1359.801512
1361.144932
1361.683468
1361.144932
1359.801512
1357.741229
1354.951794
1351.252601
1345.653201
1333.701248
1304.957000
1296.388450
1294.624053
1294.303934
1294.248426
1294.238954
1294.237353
1294.237127
1294.237353
1294.238954
1294.248426
1294.303934
1294.624053
1296.388450
1304.957000
1310.583501
1324.173446
1330.541196
1334.753014
1337.930468
1340.277659
1341.808407
1342.422643
1341.808407
1340.277659
1337.930468
1334.753014
1330.541196
1324.173446
1310.583501
1277.741316
1268.013510
1266.017219
1265.655576
1265.592906
1265.582214
1265.580407
1265.580152
1265.580407
1265.582214
1265.592906
1265.655576
1266.017219
1268.013510
1277.741316
1287.625834
1302.833096
1309.960002
1314.680286
1318.243178
1320.875485
1322.592489
1323.282228
1322.592489
1320.875485
1318.243178
1314.680286
1309.960002
1302.833096
1287.625834
1250.674025
1239.807609
1237.586196
1237.184456
1237.114884
1237.103017
1237.101012
1237.100729
1237.101012
1237.103017
1237.114884
1237.184456
1237.586196
1239.807609
1250.674025
1264.828328
1281.631137
1289.507619
1294.732159
1298.677919
1301.593575
1303.495784
1304.260866
1303.495784
1301.593575
1298.677919
1294.732159
1289.507619
1281.631137
1264.828328
1223.750857
1211.767917
1209.328668
1208.888364
1208.812169
1208.799176
1208.796982
1208.796671
1208.796982
1208.799176
1208.812169
1208.888364
1209.328668
1211.767917
1223.750857
1242.191069
1260.566554
1269.182668
1274.907205
1279.233278
1282.430534
1284.516920
1285.357220
1284.516920
1282.430534
1279.233278
1274.907205
1269.182668
1260.566554
1242.191069
1196.967616
1183.891678
1181.242367
1180.765131
1180.682612
1180.668545
1180.666169
1180.665832
1180.666169
1180.668545
1180.682612
1180.765131
1181.242367
1183.891678
1196.967616
1219.714152
1239.638334
1248.983787
1255.204021
1259.907865
1263.384994
1265.654550
1266.569978
1265.654550
1263.384994
1259.907865
1255.204021
1248.983787
1239.638334
1219.714152
1170.320173
1156.176207
1153.325076
1152.812632
1152.724101
1152.709014
1152.706466
1152.706105
1152.706466
1152.709014
1152.724101
1152.812632
1153.325076
1156.176207
1170.320173
1197.397687
1218.845460
1228.909632
1235.621225
1240.700315
1244.455609
1246.907350
1247.897847
1246.907350
1244.455609
1240.700315
1235.621225
1228.909632
1218.845460
1197.397687
1143.804465
1128.618893
1125.574623
1125.028778
1124.934565
1124.918514
1124.915804
1124.915421
1124.915804
1124.918514
1124.934565
1125.028778
1125.574623
1128.618893
1143.804465
1175.241802
1198.186915
1208.958875
1216.157458
1221.609285
1225.641055
1228.274017
1229.339561
1228.274017
1225.641055
1221.609285
1216.157458
1208.958875
1198.186915
1175.241802
1117.416484
1101.217191
1097.988882
1097.411523
1097.311969
1097.295014
1097.292152
1097.291747
1097.292152
1097.295014
1097.311969
1097.411523
1097.988882
1101.217191
1117.416484
1153.246645
1177.661682
1189.130206
1196.811383
1202.633455
1206.940032
1209.753269
1210.893869
1209.753269
1206.940032
1202.633455
1196.811383
1189.130206
1177.661682
1153.246645
1091.152273
1073.968626
1070.565774
1069.958857
1069.854315
1069.836518
1069.833513
1069.833088
1069.833513
1069.836518
1069.854315
1069.958857
1070.565774
1073.968626
1091.152273
1131.412392
1157.268740
1169.422328
1177.581684
1183.771526
1188.351260
1191.343846
1192.559547
1191.343846
1188.351260
1183.771526
1177.581684
1169.422328
1157.268740
1131.412392
1065.007922
1046.870792
1043.303263
1042.668807
1042.559642
1042.541065
1042.537929
1042.537485
1042.537929
1042.541065
1042.559642
1042.668807
1043.303263
1046.870792
1065.007922
1109.739243
1137.007068
1149.833963
1158.467066
1165.022222
1169.873483
1173.044509
1174.335387
1173.044509
1169.873483
1165.022222
1158.467066
1149.833963
1137.007068
1109.739243
1038.979561
1019.921347
1016.199358
1015.539439
1015.426023
1015.406729
1015.403473
1015.403013
1015.403473
1015.406729
1015.426023
1015.539439
1016.199358
1019.921347
1038.979561
1088.227430
1116.875640
1130.363846
1139.466255
1146.384286
1151.505462
1154.854039
1156.220204
1154.854039
1151.505462
1146.384286
1139.466255
1130.363846
1116.875640
1088.227430
1013.063356
993.118015
989.252109
988.568851
988.451564
988.431620
988.428255
988.427779
988.428255
988.431620
988.451564
988.568851
989.252109
993.118015
1013.063356
1066.877220
1096.873429
1111.010726
1120.577996
1127.856485
1133.245982
1136.771236
1138.212830
1136.771236
1133.245982
1127.856485
1120.577996
1111.010726
1096.873429
1066.877220
987.255505
966.458584
962.459609
961.755179
961.634407
961.613880
961.610416
961.609926
961.610416
961.613880
961.634407
961.755179
962.459609
966.458584
987.255505
1045.688916
1076.999405
1091.773369
1101.801052
1109.437602
1115.093844
1118.794919
1120.312119
1118.794919
1115.093844
1109.437602
1101.801052
1091.773369
1076.999405
1045.688916
961.552231
939.940906
935.819991
935.096591
934.972725
934.951681
934.948131
934.947629
934.948131
934.951681
934.972725
935.096591
935.819991
939.940906
961.552231
1024.662857
1057.252532
1072.650553
1083.134209
1091.126443
1097.047873
1100.923928
1102.516942
1100.923928
1097.047873
1091.126443
1083.134209
1072.650553
1057.252532
1024.662857
935.949781
913.562894
909.331427
908.591289
908.464723
908.443231
908.439605
908.439093
908.439605
908.443231
908.464723
908.591289
909.331427
913.562894
935.949781
1003.799427
1037.631773
1053.641070
1064.576267
1072.921830
1079.106910
1083.157120
1084.826190
1083.157120
1079.106910
1072.921830
1064.576267
1053.641070
1037.631773
1003.799427
910.444421
887.322525
882.992131
882.237506
882.108638
882.086765
882.083076
882.082554
882.083076
882.086765
882.108638
882.237506
882.992131
887.322525
910.444421
983.099052
1018.136083
1034.743724
1046.126048
1054.822608
1061.269814
1065.493369
1067.238770
1065.493369
1061.269814
1054.822608
1046.126048
1034.743724
1018.136083
983.099052
885.032430
861.217833
856.800353
856.033510
855.902737
855.880550
855.876809
855.876280
855.876809
855.880550
855.902737
856.033510
856.800353
861.217833
885.032430
962.562203
998.764415
1015.957334
1027.782390
1036.827638
1043.535465
1047.931569
1049.753611
1047.931569
1043.535465
1036.827638
1027.782390
1015.957334
998.764415
962.562203
859.710098
835.246917
830.754379
829.977597
829.845315
829.822884
829.819102
829.818567
829.819102
829.822884
829.845315
829.977597
830.754379
835.246917
859.710098
942.189400
979.515715
997.280732
1009.544148
1018.935797
1025.902759
1030.470628
1032.369654
1030.470628
1025.902759
1018.935797
1009.544148
997.280732
979.515715
942.189400
834.473724
809.407931
804.852534
804.068093
803.934699
803.912090
803.908279
803.907740
803.908279
803.912090
803.934699
804.068093
804.852534
809.407931
834.473724
921.981215
960.388923
978.712759
991.410196
1001.145984
1008.370609
1013.109474
1015.085862
1013.109474
1008.370609
1001.145984
991.410196
978.712759
960.388923
921.981215
809.319607
783.699092
779.093178
778.303355
778.169243
778.146523
778.142693
778.142152
778.142693
778.146523
778.169243
778.303355
779.093178
783.699092
809.319607
901.938269
941.382973
960.252273
973.379423
983.457113
990.937947
995.847051
997.901212
995.847051
990.937947
983.457113
973.379423
960.252273
941.382973
901.938269
784.244048
758.118671
753.474705
752.681769
752.547327
752.524563
752.520727
752.520185
752.520727
752.524563
752.547327
752.681769
753.474705
758.118671
784.244048
882.061241
922.496790
941.898139
955.450734
965.868114
973.603719
978.682317
980.814698
978.682317
973.603719
965.868114
955.450734
941.898139
922.496790
882.061241
759.243345
732.665001
727.995543
727.201749
727.067362
727.044618
727.040786
727.040245
727.040786
727.044618
727.067362
727.201749
727.995543
732.665001
759.243345
862.350862
903.729293
923.649238
937.623053
948.377936
956.366890
961.614248
963.825331
961.614248
956.366890
948.377936
937.623053
923.649238
903.729293
862.350862
734.313788
707.336471
702.654155
701.861735
701.727783
701.705124
701.701306
701.700767
701.701306
701.705124
701.727783
701.861735
702.654155
707.336471
734.313788
842.807925
885.079392
905.504460
919.895317
930.985542
939.226440
944.641835
946.932138
944.641835
939.226440
930.985542
919.895317
905.504460
885.079392
842.807925
709.451657
682.131525
677.449034
676.660195
676.527050
676.504538
676.500747
676.500211
676.500747
676.504538
676.527050
676.660195
677.449034
682.131525
709.451657
823.433283
866.545987
887.462708
902.266479
913.689913
922.181365
927.764083
930.134161
927.764083
922.181365
913.689913
902.266479
887.462708
866.545987
823.433283
684.653221
657.048669
652.378707
651.595623
651.463651
651.441348
651.437592
651.437062
651.437592
651.441348
651.463651
651.595623
652.378707
657.048669
684.653221
804.227848
848.127971
869.522894
884.735509
896.490043
905.230675
910.980012
913.430457
910.980012
905.230675
896.490043
884.735509
869.522894
848.127971
804.227848
659.914729
632.086460
627.441730
626.666540
626.536097
626.514064
626.510353
626.509829
626.510353
626.514064
626.536097
626.666540
627.441730
632.086460
659.914729
785.192599
829.824222
851.683944
867.301390
879.384944
888.373396
894.288659
896.820099
894.288659
888.373396
879.384944
867.301390
851.683944
829.824222
785.192599
635.232415
607.243515
602.636691
601.871491
601.742924
601.721218
601.717563
601.717047
601.717563
601.721218
601.742924
601.871491
602.636691
607.243515
635.232415
766.328580
811.633611
833.944791
849.963121
862.373641
871.608570
877.689071
880.302174
877.689071
871.608570
862.373641
849.963121
833.944791
811.633611
766.328580
610.602487
582.518506
577.962205
577.209045
577.082691
577.061369
577.057780
577.057273
577.057780
577.061369
577.082691
577.209045
577.962205
582.518506
610.602487
747.636902
793.554994
816.304383
832.719713
845.455175
854.935252
861.180313
863.875785
861.180313
854.935252
845.455175
832.719713
816.304383
793.554994
747.636902
586.021130
557.910161
553.416918
552.677794
552.553982
552.533098
552.529583
552.529087
552.529583
552.533098
552.553982
552.677794
553.416918
557.910161
586.021130
729.118747
775.587217
798.761676
815.570195
828.628601
838.352511
844.761461
847.540047
844.761461
838.352511
828.628601
815.570195
798.761676
775.587217
729.118747
561.484501
533.417264
528.999502
528.276357
528.155402
528.135009
528.131577
528.131092
528.131577
528.135009
528.155402
528.276357
528.999502
533.417264
561.484501
710.775367
757.729111
781.315637
798.513606
811.892987
821.859431
828.431604
831.294090
828.431604
821.859431
811.892987
798.513606
781.315637
757.729111
710.775367
536.988724
509.038656
504.708658
504.003373
503.885577
503.865726
503.862386
503.861914
503.862386
503.865726
503.885577
504.003373
504.708658
509.038656
536.988724
692.608087
739.979491
763.965244
781.549002
795.247417
805.455108
812.189847
815.137059
812.189847
805.455108
795.247417
781.549002
763.965244
739.979491
692.608087
512.529893
484.773234
480.543113
479.857504
479.743159
479.723898
479.720658
479.720200
479.720658
479.723898
479.743159
479.857504
480.543113
484.773234
512.529893
674.618308
722.337160
746.709485
764.675450
778.690986
789.138654
796.035304
799.068111
796.035304
789.138654
778.690986
764.675450
746.709485
722.337160
674.618308
488.104060
460.619950
456.501619
455.837433
455.726818
455.708193
455.705060
455.704617
455.705060
455.708193
455.726818
455.837433
456.501619
460.619950
488.104060
656.807508
704.800903
729.547358
747.892031
762.222805
772.909192
779.967104
783.086417
779.967104
772.909192
762.222805
747.892031
729.547358
704.800903
656.807508
463.707243
436.577812
432.582954
431.941865
431.835245
431.817300
431.814281
431.813855
431.814281
431.817300
431.835245
431.941865
432.582954
436.577812
463.707243
639.177243
687.369489
712.477871
731.197839
745.841996
756.765858
763.984388
767.191161
763.984388
756.765858
745.841996
731.197839
712.477871
687.369489
639.177243
439.335415
412.645888
408.785919
408.169527
408.067152
408.049929
408.047032
408.046623
408.047032
408.049929
408.067152
408.169527
408.785919
412.645888
439.335415
621.729149
670.041667
695.500045
714.591981
729.547694
740.707800
748.086307
751.381540
748.086307
740.707800
729.547694
714.591981
695.500045
670.041667
621.729149
414.984504
388.823298
385.109340
384.519164
384.421272
384.404809
384.402041
384.401650
384.402041
384.404809
384.421272
384.519164
385.109340
388.823298
414.984504
604.464947
652.816170
678.612907
698.073577
713.339048
724.734181
732.272025
735.656762
732.272025
724.734181
713.339048
698.073577
678.612907
652.816170
604.464947
390.650390
365.109222
361.552065
360.989544
360.896356
360.880690
360.878056
360.877684
360.878056
360.880690
360.896356
360.989544
361.552065
365.109222
390.650390
587.386440
635.691709
661.815498
681.641759
697.215219
708.844174
716.540719
720.016051
716.540719
708.844174
697.215219
681.641759
661.815498
635.691709
587.386440
366.328905
341.502898
338.112966
337.579450
337.491175
337.476340
337.473846
337.473493
337.473846
337.476340
337.491175
337.579450
338.112966
341.502898
366.328905
570.495517
618.666976
645.106866
665.295670
681.175378
693.036964
700.891576
704.458639
700.891576
693.036964
681.175378
665.295670
645.106866
618.666976
570.495517
342.015824
318.003618
314.790935
314.287688
314.204518
314.190545
314.188196
314.187865
314.188196
314.190545
314.204518
314.287688
314.790935
318.003618
342.015824
553.794158
601.740638
628.486071
649.034465
665.218710
677.311749
685.323792
688.983774
685.323792
677.311749
665.218710
649.034465
628.486071
601.740638
553.794158
317.706870
294.610737
291.584886
291.113081
291.035194
291.022112
291.019913
291.019603
291.019913
291.022112
291.035194
291.113081
291.584886
294.610737
317.706870
537.284431
584.911343
611.952184
632.857314
649.344412
661.667735
669.836576
673.590713
669.836576
661.667735
649.344412
632.857314
611.952184
584.911343
537.284431
293.397704
271.323663
268.493751
268.054470
267.982027
267.969864
267.967819
267.967531
267.967819
267.969864
267.982027
268.054470
268.493751
271.323663
293.397704
520.968496
568.177712
595.504284
616.763395
633.551690
646.104144
654.429149
658.278726
654.429149
646.104144
633.551690
616.763395
595.504284
568.177712
520.968496
269.083928
248.141869
245.516485
245.110713
245.043862
245.032640
245.030755
245.030488
245.030755
245.032640
245.043862
245.110713
245.516485
248.141869
269.083928
504.848608
551.538343
579.141462
600.751899
617.839763
630.620206
639.100738
643.047093
639.100738
630.620206
617.839763
600.751899
579.141462
551.538343
504.848608
244.761077
225.064884
222.652059
222.280687
222.219559
222.209301
222.207577
222.207334
222.207577
222.209301
222.219559
222.280687
222.652059
225.064884
244.761077
488.927119
534.991805
562.862819
584.822029
602.207862
615.215163
623.850583
627.895108
623.850583
615.215163
602.207862
584.822029
562.862819
534.991805
488.927119
220.424622
202.092297
199.899463
199.563285
199.507997
199.498720
199.497161
199.496941
199.497161
199.498720
199.507997
199.563285
199.899463
202.092297
220.424622
473.206478
518.536643
546.667466
568.972996
586.655226
599.888266
608.677935
612.822074
608.677935
599.888266
586.655226
568.972996
546.667466
518.536643
473.206478
196.069962
179.223759
177.257706
176.957417
176.908068
176.899790
176.898399
176.898202
176.898399
176.899790
176.908068
176.957417
177.257706
179.223759
196.069962
457.689236
502.171370
530.554525
553.204025
571.181108
584.638779
593.582052
597.827305
593.582052
584.638779
571.181108
553.204025
530.554525
502.171370
457.689236
171.692425
156.458983
154.725811
154.462008
154.418684
154.411418
154.410197
154.410025
154.410197
154.411418
154.418684
154.462008
154.725811
156.458983
171.692425
442.378045
485.894472
514.523129
537.514351
555.784768
569.465974
578.562202
582.910127
578.562202
569.465974
555.784768
537.514351
514.523129
485.894472
442.378045
147.287261
133.797744
132.302820
132.075999
132.038772
132.032529
132.031480
132.031332
132.031480
132.032529
132.038772
132.075999
132.302820
133.797744
147.287261
427.275662
469.704401
498.572422
521.903219
540.465478
554.369134
563.617664
568.069876
563.617664
554.369134
540.465478
521.903219
498.572422
469.704401
427.275662
122.849645
111.239879
109.987789
109.798349
109.767272
109.762062
109.761186
109.761063
109.761186
109.762062
109.767272
109.798349
109.987789
111.239879
122.849645
412.384951
453.599580
482.701557
506.369885
525.222521
539.347552
548.747724
553.305898
548.747724
539.347552
525.222521
506.369885
482.701557
453.599580
412.384951
98.374668
88.785289
87.779789
87.628029
87.603144
87.598972
87.598271
87.598172
87.598271
87.598972
87.603144
87.628029
87.779789
88.785289
98.374668
397.708888
437.578395
466.909700
490.913615
510.055188
524.400531
533.951679
538.617549
533.951679
524.400531
510.055188
490.913615
466.909700
437.578395
397.708888
73.857339
66.433942
65.677906
65.564025
65.545358
65.542228
65.541703
65.541628
65.541703
65.542228
65.545358
65.564025
65.677906
66.433942
73.857339
383.250556
421.639199
451.196028
475.533685
494.962782
509.527383
519.228833
524.004197
519.228833
509.527383
494.962782
475.533685
451.196028
421.639199
383.250556
49.292580
44.185867
43.681236
43.605340
43.592902
43.590817
43.590467
43.590417
43.590467
43.590817
43.592902
43.605340
43.681236
44.185867
49.292580
369.013155
405.780308
435.559728
460.229381
479.944612
494.727429
504.578500
509.465218
504.578500
494.727429
479.944612
460.229381
435.559728
405.780308
369.013155
24.675220
22.041165
21.788893
21.750989
21.744777
21.743736
21.743561
21.743537
21.743561
21.743736
21.744777
21.750989
21.788893
22.041165
24.675220
355.000000
390.000000
420.000000
445.000000
465.000000
480.000000
490.000000
495.000000
490.000000
480.000000
465.000000
445.000000
420.000000
390.000000
355.000000
0.000000
0.000000
0.000000
0.000000
0.000000
0.000000
0.000000
0.000000
0.000000
0.000000
0.000000
0.000000
0.000000
0.000000
0.000000
