1500.000000
1500.000000
1500.000000
1500.000000
1500.000000
1500.000000
1500.000000
1500.000000
1500.000000
1500.000000
1500.000000
1500.000000
1500.000000
1500.000000
1500.000000
1500.000000
1500.000000
1500.000000
1500.000000
1500.000000
1500.000000
1500.000000
1500.000000
1500.000000
1500.000000
1500.000000
1500.000000
1500.000000
1500.000000
1500.000000
1343.608460
1354.865723
1360.161027
1363.649377
1366.274179
1368.211185
1369.473306
1369.978265
1369.473306
1368.211185
1366.274179
1363.649377
1360.161027
1354.865723
1343.608460
1316.762528
1308.669050
1306.970217
1306.655622
1306.599982
1306.590305
1306.588640
1306.588401
1306.588640
1306.590305
1306.599982
1306.655622
1306.970217
1308.669050
1316.762528
1194.223324
1215.907865
1226.122350
1232.919960
1238.055260
1241.849394
1244.325060
1245.323960
1244.325060
1241.849394
1238.055260
1232.919960
1226.122350
1215.907865
1194.223324
1140.316728
1124.934671
1121.798487
1121.225278
1121.124435
1121.106931
1121.103921
1121.103489
1121.103921
1121.106931
1121.124435
1121.225278
1121.798487
1124.934671
1140.316728
1051.858085
1082.826092
1097.481525
1107.396110
1114.931723
1120.509065
1124.156092
1125.647900
1124.156092
1120.509065
1114.931723
1107.396110
1097.481525
1082.826092
1051.858085
969.456317
948.001211
943.826417
943.078650
942.948129
942.925539
942.921658
942.921101
942.921658
942.925539
942.948129
943.078650
943.826417
948.001211
969.456317
916.567846
955.318874
973.868529
986.704767
996.536009
1003.828101
1008.609476
1010.602616
1008.609476
1003.828101
996.536009
986.704767
973.868529
955.318874
916.567846
803.074351
777.204544
772.483617
771.659810
771.517396
771.492830
771.488615
771.488011
771.488615
771.492830
771.517396
771.659810
772.483617
777.204544
803.074351
788.484805
833.078630
854.940448
870.509465
882.538410
891.481805
897.364556
899.877111
897.364556
891.481805
882.538410
870.509465
854.940448
833.078630
788.484805
640.103975
611.999134
607.275866
606.476442
606.339680
606.316172
606.312143
606.311565
606.312143
606.316172
606.339680
606.476442
607.275866
611.999134
640.103975
667.845251
715.785136
740.377840
758.505607
772.642023
783.177874
790.131969
793.192425
790.131969
783.177874
772.642023
758.505607
740.377840
715.785136
667.845251
479.472415
451.949941
447.774382
447.090659
446.974880
446.955042
446.951646
446.951159
446.951646
446.955042
446.974880
447.090659
447.774382
451.949941
479.472415
555.012964
603.096992
629.882430
650.416675
666.578573
678.652217
686.649442
690.297907
686.649442
678.652217
666.578573
650.416675
629.882430
603.096992
555.012964
320.062127
296.728828
293.606022
293.111182
293.028121
293.013926
293.011497
293.011149
293.011497
293.013926
293.028121
293.111182
293.606022
296.728828
320.062127
450.501915
494.641090
523.175943
545.991157
564.104901
577.665462
586.678221
590.968079
586.678221
577.665462
564.104901
545.991157
523.175943
494.641090
450.501915
160.675397
146.115120
144.444163
144.186662
144.143702
144.136371
144.135118
144.134939
144.135118
144.136371
144.143702
144.186662
144.444163
146.115120
160.675397
355.000000
390.000000
420.000000
445.000000
465.000000
480.000000
490.000000
495.000000
490.000000
480.000000
465.000000
445.000000
420.000000
390.000000
355.000000
0.000000
0.000000
0.000000
0.000000
0.000000
0.000000
0.000000
0.000000
0.000000
0.000000
0.000000
0.000000
0.000000
0.000000
0.000000
