1500.000000
1500.000000
1500.000000
1500.000000
1500.000000
1500.000000
1500.000000
1500.000000
1500.000000
1500.000000
1500.000000
1500.000000
1500.000000
1500.000000
1500.000000
1500.000000
1500.000000
1500.000000
1500.000000
1500.000000
1500.000000
1500.000000
1500.000000
1500.000000
1500.000000
1500.000000
1500.000000
1500.000000
1500.000000
1500.000000
1398.778334
1406.085252
1409.514219
1411.770697
1413.468766
1414.722070
1415.538721
1415.865091
1415.538721
1414.722070
1413.468766
1411.770697
1409.514219
1406.085252
1398.778334
1381.457245
1376.194453
1375.092762
1374.890211
1374.854696
1374.848574
1374.847530
1374.847381
1374.847530
1374.848574
1374.854696
1374.890211
1375.092762
1376.194453
1381.457245
1300.426342
1314.744797
1321.466953
1325.909568
1329.258451
1331.731416
1333.343756
1333.990418
1333.343756
1331.731416
1329.258451
1325.909568
1321.466953
1314.744797
1300.426342
1265.887554
1255.631397
1253.510636
1253.122881
1253.055044
1253.043360
1253.041368
1253.041084
1253.041368
1253.043360
1253.055044
1253.122881
1253.510636
1255.631397
1265.887554
1204.948214
1225.900442
1235.747828
1242.301315
1247.254654
1250.915282
1253.304215
1254.267892
1253.304215
1250.915282
1247.254654
1242.301315
1235.747828
1225.900442
1204.948214
1152.952072
1138.082227
1135.067918
1134.521629
1134.426389
1134.410007
1134.407215
1134.406817
1134.407215
1134.410007
1134.426389
1134.521629
1135.067918
1138.082227
1152.952072
1112.349286
1139.474100
1152.252687
1160.838598
1167.351157
1172.168994
1175.317064
1176.597085
1175.317064
1172.168994
1167.351157
1160.838598
1152.252687
1139.474100
1112.349286
1042.337752
1023.342434
1019.595116
1018.923937
1018.807456
1018.787453
1018.784046
1018.783561
1018.784046
1018.787453
1018.807456
1018.923937
1019.595116
1023.342434
1042.337752
1022.641433
1055.387406
1070.882819
1081.421245
1089.449139
1095.395195
1099.286381
1100.884581
1099.286381
1095.395195
1089.449139
1081.421245
1070.882819
1055.387406
1022.641433
933.748839
911.229757
906.937586
906.179827
906.049031
906.026612
906.022796
906.022252
906.022796
906.026612
906.049031
906.179827
906.937586
911.229757
933.748839
935.847238
973.561239
991.544340
1003.955578
1013.456504
1020.503166
1025.122686
1027.043396
1025.122686
1020.503166
1013.456504
1003.955578
991.544340
973.561239
935.847238
826.900017
801.582682
796.954241
796.150665
796.012797
795.989215
795.985204
795.984633
795.985204
795.989215
796.012797
796.150665
796.954241
801.582682
826.900017
852.003380
893.915142
914.147707
928.353836
939.287270
947.408238
952.742359
954.992461
952.742359
947.408238
939.287270
928.353836
914.147707
893.915142
852.003380
721.510710
694.259267
689.516340
688.708088
688.570308
688.546792
688.542795
688.542226
688.542795
688.546792
688.570308
688.708088
689.516340
694.259267
721.510710
771.163528
816.366597
838.607347
854.533681
866.861044
876.031254
882.067108
884.656153
882.067108
876.031254
866.861044
854.533681
838.607347
816.366597
771.163528
617.300170
589.136316
584.506344
583.733033
583.602070
583.579764
583.575975
583.575436
583.575975
583.579764
583.602070
583.733033
584.506344
589.136316
617.300170
693.400967
740.830183
764.841367
782.417761
796.102550
806.298107
813.023501
815.963877
813.023501
806.298107
796.102550
782.417761
764.841367
740.830183
693.400967
513.983096
486.108847
481.816839
481.114851
480.996724
480.976645
480.973236
480.972751
480.973236
480.976645
480.996724
481.114851
481.816839
486.108847
513.983096
618.811085
667.216579
692.771360
711.933340
726.941205
738.139314
745.542543
748.849690
745.542543
738.139314
726.941205
711.933340
692.771360
667.216579
618.811085
411.265594
385.089876
381.349511
380.750525
380.650324
380.633321
380.630437
380.630026
380.630437
380.633321
380.650324
380.750525
381.349511
385.089876
411.265594
547.513845
595.431437
622.322279
643.011967
659.310747
671.489643
679.559288
683.251967
679.559288
671.489643
659.310747
643.011967
622.322279
595.431437
547.513845
308.841343
286.010476
283.014163
282.543941
282.465681
282.452420
282.450171
282.449851
282.450171
282.452420
282.465681
282.543941
283.014163
286.010476
308.841343
479.656306
525.374103
553.422386
575.589185
593.148896
606.287779
615.012497
619.113100
615.012497
606.287779
593.148896
575.589185
553.422386
525.374103
479.656306
206.387854
188.820101
186.727768
186.405249
186.351784
186.342734
186.341200
186.340982
186.341200
186.342734
186.351784
186.405249
186.727768
188.820101
206.387854
415.415253
456.936190
486.003282
509.604270
528.397047
542.476018
551.844318
556.379228
551.844318
542.476018
528.397047
509.604270
486.003282
456.936190
415.415253
103.562752
93.487190
92.413539
92.250276
92.223279
92.218713
92.217939
92.217828
92.217939
92.218713
92.223279
92.250276
92.413539
93.487190
103.562752
355.000000
390.000000
420.000000
445.000000
465.000000
480.000000
490.000000
495.000000
490.000000
480.000000
465.000000
445.000000
420.000000
390.000000
355.000000
0.000000
0.000000
0.000000
0.000000
0.000000
0.000000
0.000000
0.000000
0.000000
0.000000
0.000000
0.000000
0.000000
0.000000
0.000000
