1500.000000
1500.000000
1500.000000
1500.000000
1500.000000
1500.000000
1500.000000
1500.000000
1500.000000
1500.000000
1464.495749
1464.495749
1464.495749
1464.495749
1464.495749
1464.495749
1464.495749
1464.495749
1464.495749
1464.495749
1430.306471
1430.306471
1430.306471
1430.306471
1430.306471
1430.306471
1430.306471
1430.306471
1430.306471
1430.306471
1397.338238
1397.338238
1397.338238
1397.338238
1397.338238
1397.338238
1397.338238
1397.338238
1397.338238
1397.338238
1365.506840
1365.506840
1365.506840
1365.506840
1365.506840
1365.506840
1365.506840
1365.506840
1365.506840
1365.506840
1334.736489
1334.736489
1334.736489
1334.736489
1334.736489
1334.736489
1334.736489
1334.736489
1334.736489
1334.736489
1304.958731
1304.958731
1304.958731
1304.958731
1304.958731
1304.958731
1304.958731
1304.958731
1304.958731
1304.958731
1276.111527
1276.111527
1276.111527
1276.111527
1276.111527
1276.111527
1276.111527
1276.111527
1276.111527
1276.111527
1248.138481
1248.138481
1248.138481
1248.138481
1248.138481
1248.138481
1248.138481
1248.138481
1248.138481
1248.138481
1220.988171
1220.988171
1220.988171
1220.988171
1220.988171
1220.988171
1220.988171
1220.988171
1220.988171
1220.988171
1194.613585
1194.613585
1194.613585
1194.613585
1194.613585
1194.613585
1194.613585
1194.613585
1194.613585
1194.613585
1168.971626
1168.971626
1168.971626
1168.971626
1168.971626
1168.971626
1168.971626
1168.971626
1168.971626
1168.971626
1144.022693
1144.022693
1144.022693
1144.022693
1144.022693
1144.022693
1144.022693
1144.022693
1144.022693
1144.022693
1119.730311
1119.730311
1119.730311
1119.730311
1119.730311
1119.730311
1119.730311
1119.730311
1119.730311
1119.730311
1096.060810
1096.060810
1096.060810
1096.060810
1096.060810
1096.060810
1096.060810
1096.060810
1096.060810
1096.060810
1072.983047
1072.983047
1072.983047
1072.983047
1072.983047
1072.983047
1072.983047
1072.983047
1072.983047
1072.983047
1050.468156
1050.468156
1050.468156
1050.468156
1050.468156
1050.468156
1050.468156
1050.468156
1050.468156
1050.468156
1028.489334
1028.489334
1028.489334
1028.489334
1028.489334
1028.489334
1028.489334
1028.489334
1028.489334
1028.489334
1007.021648
1007.021648
1007.021648
1007.021648
1007.021648
1007.021648
1007.021648
1007.021648
1007.021648
1007.021648
986.041863
986.041863
986.041863
986.041863
986.041863
986.041863
986.041863
986.041863
986.041863
986.041863
965.528296
965.528296
965.528296
965.528296
965.528296
965.528296
965.528296
965.528296
965.528296
965.528296
945.460676
945.460676
945.460676
945.460676
945.460676
945.460676
945.460676
945.460676
945.460676
945.460676
925.820026
925.820026
925.820026
925.820026
925.820026
925.820026
925.820026
925.820026
925.820026
925.820026
906.588557
906.588557
906.588557
906.588557
906.588557
906.588557
906.588557
906.588557
906.588557
906.588557
887.749567
887.749567
887.749567
887.749567
887.749567
887.749567
887.749567
887.749567
887.749567
887.749567
869.287356
869.287356
869.287356
869.287356
869.287356
869.287356
869.287356
869.287356
869.287356
869.287356
851.187150
851.187150
851.187150
851.187150
851.187150
851.187150
851.187150
851.187150
851.187150
851.187150
833.435025
833.435025
833.435025
833.435025
833.435025
833.435025
833.435025
833.435025
833.435025
833.435025
816.017845
816.017845
816.017845
816.017845
816.017845
816.017845
816.017845
816.017845
816.017845
816.017845
798.923206
798.923206
798.923206
798.923206
798.923206
798.923206
798.923206
798.923206
798.923206
798.923206
782.139378
782.139378
782.139378
782.139378
782.139378
782.139378
782.139378
782.139378
782.139378
782.139378
765.655262
765.655262
765.655262
765.655262
765.655262
765.655262
765.655262
765.655262
765.655262
765.655262
749.460340
749.460340
749.460340
749.460340
749.460340
749.460340
749.460340
749.460340
749.460340
749.460340
733.544641
733.544641
733.544641
733.544641
733.544641
733.544641
733.544641
733.544641
733.544641
733.544641
717.898700
717.898700
717.898700
717.898700
717.898700
717.898700
717.898700
717.898700
717.898700
717.898700
702.513525
702.513525
702.513525
702.513525
702.513525
702.513525
702.513525
702.513525
702.513525
702.513525
687.380566
687.380566
687.380566
687.380566
687.380566
687.380566
687.380566
687.380566
687.380566
687.380566
672.491686
672.491686
672.491686
672.491686
672.491686
672.491686
672.491686
672.491686
672.491686
672.491686
657.839138
657.839138
657.839138
657.839138
657.839138
657.839138
657.839138
657.839138
657.839138
657.839138
643.415536
643.415536
643.415536
643.415536
643.415536
643.415536
643.415536
643.415536
643.415536
643.415536
629.213836
629.213836
629.213836
629.213836
629.213836
629.213836
629.213836
629.213836
629.213836
629.213836
615.227313
615.227313
615.227313
615.227313
615.227313
615.227313
615.227313
615.227313
615.227313
615.227313
601.449544
601.449544
601.449544
601.449544
601.449544
601.449544
601.449544
601.449544
601.449544
601.449544
587.874389
587.874389
587.874389
587.874389
587.874389
587.874389
587.874389
587.874389
587.874389
587.874389
574.495976
574.495976
574.495976
574.495976
574.495976
574.495976
574.495976
574.495976
574.495976
574.495976
561.308683
561.308683
561.308683
561.308683
561.308683
561.308683
561.308683
561.308683
561.308683
561.308683
548.307126
548.307126
548.307126
548.307126
548.307126
548.307126
548.307126
548.307126
548.307126
548.307126
535.486146
535.486146
535.486146
535.486146
535.486146
535.486146
535.486146
535.486146
535.486146
535.486146
522.840797
522.840797
522.840797
522.840797
522.840797
522.840797
522.840797
522.840797
522.840797
522.840797
510.366330
510.366330
510.366330
510.366330
510.366330
510.366330
510.366330
510.366330
510.366330
510.366330
498.058190
498.058190
498.058190
498.058190
498.058190
498.058190
498.058190
498.058190
498.058190
498.058190
485.911999
485.911999
485.911999
485.911999
485.911999
485.911999
485.911999
485.911999
485.911999
485.911999
473.923551
473.923551
473.923551
473.923551
473.923551
473.923551
473.923551
473.923551
473.923551
473.923551
462.088800
462.088800
462.088800
462.088800
462.088800
462.088800
462.088800
462.088800
462.088800
462.088800
450.403857
450.403857
450.403857
450.403857
450.403857
450.403857
450.403857
450.403857
450.403857
450.403857
438.864975
438.864975
438.864975
438.864975
438.864975
438.864975
438.864975
438.864975
438.864975
438.864975
427.468549
427.468549
427.468549
427.468549
427.468549
427.468549
427.468549
427.468549
427.468549
427.468549
416.211104
416.211104
416.211104
416.211104
416.211104
416.211104
416.211104
416.211104
416.211104
416.211104
405.089290
405.089290
405.089290
405.089290
405.089290
405.089290
405.089290
405.089290
405.089290
405.089290
394.099879
394.099879
394.099879
394.099879
394.099879
394.099879
394.099879
394.099879
394.099879
394.099879
383.239756
383.239756
383.239756
383.239756
383.239756
383.239756
383.239756
383.239756
383.239756
383.239756
372.505912
372.505912
372.505912
372.505912
372.505912
372.505912
372.505912
372.505912
372.505912
372.505912
361.895446
361.895446
361.895446
361.895446
361.895446
361.895446
361.895446
361.895446
361.895446
361.895446
351.405554
351.405554
351.405554
351.405554
351.405554
351.405554
351.405554
351.405554
351.405554
351.405554
341.033526
341.033526
341.033526
341.033526
341.033526
341.033526
341.033526
341.033526
341.033526
341.033526
330.776742
330.776742
330.776742
330.776742
330.776742
330.776742
330.776742
330.776742
330.776742
330.776742
320.632671
320.632671
320.632671
320.632671
320.632671
320.632671
320.632671
320.632671
320.632671
320.632671
310.598861
310.598861
310.598861
310.598861
310.598861
310.598861
310.598861
310.598861
310.598861
310.598861
300.672941
300.672941
300.672941
300.672941
300.672941
300.672941
300.672941
300.672941
300.672941
300.672941
290.852616
290.852616
290.852616
290.852616
290.852616
290.852616
290.852616
290.852616
290.852616
290.852616
281.135663
281.135663
281.135663
281.135663
281.135663
281.135663
281.135663
281.135663
281.135663
281.135663
271.519929
271.519929
271.519929
271.519929
271.519929
271.519929
271.519929
271.519929
271.519929
271.519929
262.003325
262.003325
262.003325
262.003325
262.003325
262.003325
262.003325
262.003325
262.003325
262.003325
252.583830
252.583830
252.583830
252.583830
252.583830
252.583830
252.583830
252.583830
252.583830
252.583830
243.259482
243.259482
243.259482
243.259482
243.259482
243.259482
243.259482
243.259482
243.259482
243.259482
234.028376
234.028376
234.028376
234.028376
234.028376
234.028376
234.028376
234.028376
234.028376
234.028376
224.888668
224.888668
224.888668
224.888668
224.888668
224.888668
224.888668
224.888668
224.888668
224.888668
215.838565
215.838565
215.838565
215.838565
215.838565
215.838565
215.838565
215.838565
215.838565
215.838565
206.876327
206.876327
206.876327
206.876327
206.876327
206.876327
206.876327
206.876327
206.876327
206.876327
198.000264
198.000264
198.000264
198.000264
198.000264
198.000264
198.000264
198.000264
198.000264
198.000264
189.208735
189.208735
189.208735
189.208735
189.208735
189.208735
189.208735
189.208735
189.208735
189.208735
180.500146
180.500146
180.500146
180.500146
180.500146
180.500146
180.500146
180.500146
180.500146
180.500146
171.872944
171.872944
171.872944
171.872944
171.872944
171.872944
171.872944
171.872944
171.872944
171.872944
163.325625
163.325625
163.325625
163.325625
163.325625
163.325625
163.325625
163.325625
163.325625
163.325625
154.856721
154.856721
154.856721
154.856721
154.856721
154.856721
154.856721
154.856721
154.856721
154.856721
146.464807
146.464807
146.464807
146.464807
146.464807
146.464807
146.464807
146.464807
146.464807
146.464807
138.148496
138.148496
138.148496
138.148496
138.148496
138.148496
138.148496
138.148496
138.148496
138.148496
129.906438
129.906438
129.906438
129.906438
129.906438
129.906438
129.906438
129.906438
129.906438
129.906438
121.737318
121.737318
121.737318
121.737318
121.737318
121.737318
121.737318
121.737318
121.737318
121.737318
113.639857
113.639857
113.639857
113.639857
113.639857
113.639857
113.639857
113.639857
113.639857
113.639857
105.612809
105.612809
105.612809
105.612809
105.612809
105.612809
105.612809
105.612809
105.612809
105.612809
97.654960
97.654960
97.654960
97.654960
97.654960
97.654960
97.654960
97.654960
97.654960
97.654960
89.765127
89.765127
89.765127
89.765127
89.765127
89.765127
89.765127
89.765127
89.765127
89.765127
81.942156
81.942156
81.942156
81.942156
81.942156
81.942156
81.942156
81.942156
81.942156
81.942156
74.184925
74.184925
74.184925
74.184925
74.184925
74.184925
74.184925
74.184925
74.184925
74.184925
66.492337
66.492337
66.492337
66.492337
66.492337
66.492337
66.492337
66.492337
66.492337
66.492337
58.863324
58.863324
58.863324
58.863324
58.863324
58.863324
58.863324
58.863324
58.863324
58.863324
51.296845
51.296845
51.296845
51.296845
51.296845
51.296845
51.296845
51.296845
51.296845
51.296845
43.791881
43.791881
43.791881
43.791881
43.791881
43.791881
43.791881
43.791881
43.791881
43.791881
36.347441
36.347441
36.347441
36.347441
36.347441
36.347441
36.347441
36.347441
36.347441
36.347441
28.962557
28.962557
28.962557
28.962557
28.962557
28.962557
28.962557
28.962557
28.962557
28.962557
21.636283
21.636283
21.636283
21.636283
21.636283
21.636283
21.636283
21.636283
21.636283
21.636283
14.367696
14.367696
14.367696
14.367696
14.367696
14.367696
14.367696
14.367696
14.367696
14.367696
7.155896
7.155896
7.155896
7.155896
7.155896
7.155896
7.155896
7.155896
7.155896
7.155896
0.000000
0.000000
0.000000
0.000000
0.000000
0.000000
0.000000
0.000000
0.000000
0.000000
